WARNING:app:GOOGLE_API_KEY not found. Crisis Assistant will not function.
 * Serving Flask app 'app'
 * Debug mode: on
INFO:werkzeug:[31m[1mWARNING: This is a development server. Do not use it in a production deployment. Use a production WSGI server instead.[0m
 * Running on all addresses (0.0.0.0)
 * Running on http://127.0.0.1:80
 * Running on http://172.16.58.150:80
INFO:werkzeug:[33mPress CTRL+C to quit[0m
INFO:werkzeug: * Restarting with stat
WARNING:app:GOOGLE_API_KEY not found. Crisis Assistant will not function.
WARNING:werkzeug: * Debugger is active!
INFO:werkzeug: * Debugger PIN: 420-907-459
Traceback (most recent call last):
  File "/Users/vishnumukkavilli/developer/jalscan-sih/app.py", line 3120, in <module>
    app.run(debug=True, host='0.0.0.0', port=80)
    ~~~~~~~^^^^^^^^^^^^^^^^^^^^^^^^^^^^^^^^^^^^^
  File "/Library/Frameworks/Python.framework/Versions/3.13/lib/python3.13/site-packages/flask/app.py", line 889, in run
    run_simple(t.cast(str, host), port, self, **options)
    ~~~~~~~~~~^^^^^^^^^^^^^^^^^^^^^^^^^^^^^^^^^^^^^^^^^^
  File "/Library/Frameworks/Python.framework/Versions/3.13/lib/python3.13/site-packages/werkzeug/serving.py", line 1097, in run_simple
    run_with_reloader(
    ~~~~~~~~~~~~~~~~~^
        srv.serve_forever,
        ^^^^^^^^^^^^^^^^^^
    ...<3 lines>...
        reloader_type=reloader_type,
        ^^^^^^^^^^^^^^^^^^^^^^^^^^^^
    )
    ^
  File "/Library/Frameworks/Python.framework/Versions/3.13/lib/python3.13/site-packages/werkzeug/_reloader.py", line 446, in run_with_reloader
    ensure_echo_on()
    ~~~~~~~~~~~~~~^^
  File "/Library/Frameworks/Python.framework/Versions/3.13/lib/python3.13/site-packages/werkzeug/_reloader.py", line 426, in ensure_echo_on
    termios.tcsetattr(sys.stdin, termios.TCSANOW, attributes)
    ~~~~~~~~~~~~~~~~~^^^^^^^^^^^^^^^^^^^^^^^^^^^^^^^^^^^^^^^^
termios.error: (4, 'Interrupted system call')
